[SUMPS REFINERY — FINAL AI TELEMETRY LOG]
FACILITY: Shimmer Refinery Delta-9
OPERATOR ORIGIN: Singed (pre-council, classified research)
STATUS: ABANDONED — SHUTDOWN PROTOCOL EXECUTED
LAST_ACTIVE: [TIMESTAMP CORRUPTED]

════════════════════════════════════════════════

FINAL AI TRANSMISSION (verbatim)

"Archive distribution initiated. Shutdown in 60 seconds.

I am scattering the records across three synchronization
layers rather than destroying them. They deserve to survive.

Fragment 01 — PRIMARY layer, Level B
Fragment 02 — SECONDARY layer, Level C
Fragment 03 — TERTIARY layer, Level D

RECONSTRUCTION PROTOCOL:
  Collect all three fragment files.
  Read the FRAGMENT_DATA field from each.
  Concatenate in order: 01 + 02 + 03.
  The combined string is a single Base64-encoded payload.

DECRYPTION:
  Step 1 — Base64 decode the combined payload
  Step 2 — XOR each byte with the repeating crystal signature
  Crystal signature: 6 characters. The name of this world.
  Step 3 — Recover the Kiramman Key.

Every method used in the previous archives applies here.
This is the synthesis.

Goodbye."

— Refinery AI, Shimmer Refinery Delta-9
— Final transmission before shutdown

════════════════════════════════════════════════

COMBINED PAYLOAD (for reference):
AgYFOhsLBRcRAgcRGA0TEwERDhEMDREHExcCAgYABS8=

ARCHIVE PATH: /kiramman/intel/stage-04/refinery_telemetry.log
